<?xml version="1.0" encoding="UTF-8"?>
<testsuite xmlns:xsi="http://www.w3.org/2001/XMLSchema-instance" xsi:noNamespaceSchemaLocation="https://maven.apache.org/surefire/maven-surefire-plugin/xsd/surefire-test-report-3.0.xsd" version="3.0" name="org.company.weather.WeatherApplicationTests" time="8.161" tests="1" errors="0" skipped="0" failures="0">
  <properties>
[...]
</properties>
  <testcase name="contextLoads" classname="org.company.weather.WeatherApplicationTests" time="0.419">
    <system-out><![CDATA[12:50:17.165 [main] INFO org.springframework.test.context.support.AnnotationConfigContextLoaderUtils -- Could not detect default configuration classes for test class [org.company.weather.WeatherApplicationTests]: WeatherApplicationTests does not declare any static, non-private, non-final, nested classes annotated with @Configuration.
12:50:17.257 [main] INFO org.springframework.boot.test.context.SpringBootTestContextBootstrapper -- Found @SpringBootConfiguration org.company.weather.WeatherApplication for test class org.company.weather.WeatherApplicationTests
12:50:17.411 [main] INFO org.springframework.boot.devtools.restart.RestartApplicationListener -- Restart disabled due to context in which it is running

  .   ____          _            __ _ _
 /\\ / ___'_ __ _ _(_)_ __  __ _ \ \ \ \
( ( )\___ | '_ | '_| | '_ \/ _` | \ \ \ \
 \\/  ___)| |_)| | | | | || (_| |  ) ) ) )
  '  |____| .__|_| |_|_| |_\__, | / / / /
 =========|_|==============|___/=/_/_/_/

 :: Spring Boot ::                (v3.3.4)

2024-10-16T12:50:17.799+04:00  INFO 13232 --- [           main] o.c.weather.WeatherApplicationTests      : Starting WeatherApplicationTests using Java 22.0.1 with PID 13232 (started by Togrul in C:\Workspace\weather)
2024-10-16T12:50:17.800+04:00  INFO 13232 --- [           main] o.c.weather.WeatherApplicationTests      : No active profile set, falling back to 1 default profile: "default"
2024-10-16T12:50:18.938+04:00  INFO 13232 --- [           main] .s.d.r.c.RepositoryConfigurationDelegate : Bootstrapping Spring Data JPA repositories in DEFAULT mode.
2024-10-16T12:50:18.984+04:00  INFO 13232 --- [           main] .s.d.r.c.RepositoryConfigurationDelegate : Finished Spring Data repository scanning in 38 ms. Found 1 JPA repository interface.
2024-10-16T12:50:19.295+04:00  INFO 13232 --- [           main] o.s.cloud.context.scope.GenericScope     : BeanFactory id=809e0705-e032-375d-b036-9ef29639a331
2024-10-16T12:50:19.920+04:00  INFO 13232 --- [           main] o.hibernate.jpa.internal.util.LogHelper  : HHH000204: Processing PersistenceUnitInfo [name: default]
2024-10-16T12:50:19.993+04:00  INFO 13232 --- [           main] org.hibernate.Version                    : HHH000412: Hibernate ORM core version 6.5.3.Final
2024-10-16T12:50:20.032+04:00  INFO 13232 --- [           main] o.h.c.internal.RegionFactoryInitiator    : HHH000026: Second-level cache disabled
2024-10-16T12:50:20.341+04:00  INFO 13232 --- [           main] o.s.o.j.p.SpringPersistenceUnitInfo      : No LoadTimeWeaver setup: ignoring JPA class transformer
2024-10-16T12:50:20.370+04:00  INFO 13232 --- [           main] com.zaxxer.hikari.HikariDataSource       : HikariPool-1 - Starting...
2024-10-16T12:50:20.545+04:00  INFO 13232 --- [           main] com.zaxxer.hikari.pool.HikariPool        : HikariPool-1 - Added connection conn0: url=jdbc:h2:mem:weatherdb user=SA
2024-10-16T12:50:20.546+04:00  INFO 13232 --- [           main] com.zaxxer.hikari.HikariDataSource       : HikariPool-1 - Start completed.
2024-10-16T12:50:20.572+04:00  WARN 13232 --- [           main] org.hibernate.orm.deprecation            : HHH90000025: H2Dialect does not need to be specified explicitly using 'hibernate.dialect' (remove the property setting and it will be selected by default)
2024-10-16T12:50:21.292+04:00  INFO 13232 --- [           main] o.h.e.t.j.p.i.JtaPlatformInitiator       : HHH000489: No JTA platform available (set 'hibernate.transaction.jta.platform' to enable JTA platform integration)
2024-10-16T12:50:21.350+04:00  INFO 13232 --- [           main] j.LocalContainerEntityManagerFactoryBean : Initialized JPA EntityManagerFactory for persistence unit 'default'
2024-10-16T12:50:21.889+04:00  INFO 13232 --- [           main] o.c.weather.service.WeatherService       : Caches are cleared
2024-10-16T12:50:22.461+04:00  WARN 13232 --- [           main] JpaBaseConfiguration$JpaWebConfiguration : spring.jpa.open-in-view is enabled by default. Therefore, database queries may be performed during view rendering. Explicitly configure spring.jpa.open-in-view to disable this warning
2024-10-16T12:50:24.454+04:00  INFO 13232 --- [           main] o.s.b.a.h2.H2ConsoleAutoConfiguration    : H2 console available at '/h2-console'. Database available at 'jdbc:h2:mem:weatherdb'
2024-10-16T12:50:24.564+04:00  INFO 13232 --- [           main] o.s.b.a.e.web.EndpointLinksResolver      : Exposing 24 endpoints beneath base path '/actuator'
2024-10-16T12:50:24.645+04:00  INFO 13232 --- [           main] o.c.weather.WeatherApplicationTests      : Started WeatherApplicationTests in 7.249 seconds (process running for 8.253)
2024-10-16T12:50:24.651+04:00  INFO 13232 --- [   scheduling-1] o.c.weather.service.WeatherService       : Caches are cleared
]]></system-out>
    <system-err><![CDATA[WARNING: A Java agent has been loaded dynamically (C:\Users\Togrul\.m2\repository\net\bytebuddy\byte-buddy-agent\1.14.19\byte-buddy-agent-1.14.19.jar)
WARNING: If a serviceability tool is in use, please run with -XX:+EnableDynamicAgentLoading to hide this warning
WARNING: If a serviceability tool is not in use, please run with -Djdk.instrument.traceUsage for more information
WARNING: Dynamic loading of agents will be disallowed by default in a future release
]]></system-err>
  </testcase>
</testsuite>